[0.017s] Invoking command in '/home/user/ros2_ws/src/citylab_project/robot_patrol/build/robot_patrol': CMAKE_PREFIX_PATH=${CMAKE_PREFIX_PATH}:/home/simulations/ros2_sims_ws/install/rclrs_tests:/home/simulations/ros2_sims_ws/install/examples_rclrs_minimal_client_service:/home/simulations/ros2_sims_ws/install/sensor_msgs_py:/home/simulations/ros2_sims_ws/install/examples_rclrs_minimal_pub_sub:/home/simulations/ros2_sims_ws/install/examples_rclrs_message_demo:/home/simulations/ros2_sims_ws/install/rclrs:/home/simulations/ros2_sims_ws/install/rosidl_runtime_rs:/opt/ros/humble:/home/simulations/ros2_sims_ws/install/robot_description _=/usr/bin/env /usr/bin/cmake /home/user/ros2_ws/src/citylab_project/robot_patrol -DCMAKE_INSTALL_PREFIX=/home/user/ros2_ws/src/citylab_project/robot_patrol/install/robot_patrol
[3.051s] -- The C compiler identification is GNU 11.4.0
[3.120s] -- The CXX compiler identification is GNU 11.4.0
[3.132s] -- Detecting C compiler ABI info
[3.308s] -- Detecting C compiler ABI info - done
[3.315s] -- Check for working C compiler: /usr/bin/cc - skipped
[3.316s] -- Detecting C compile features
[3.317s] -- Detecting C compile features - done
[3.321s] -- Detecting CXX compiler ABI info
[3.504s] -- Detecting CXX compiler ABI info - done
[3.513s] -- Check for working CXX compiler: /usr/bin/c++ - skipped
[3.513s] -- Detecting CXX compile features
[3.513s] -- Detecting CXX compile features - done
[3.530s] -- Found ament_cmake: 1.3.11 (/opt/ros/humble/share/ament_cmake/cmake)
[4.027s] -- Found Python3: /usr/bin/python3 (found version "3.10.12") found components: Interpreter 
[4.323s] -- Found rclcpp: 16.0.12 (/opt/ros/humble/share/rclcpp/cmake)
[4.544s] -- Found rosidl_generator_c: 3.1.6 (/opt/ros/humble/share/rosidl_generator_c/cmake)
[4.567s] -- Found rosidl_adapter: 3.1.6 (/opt/ros/humble/share/rosidl_adapter/cmake)
[4.592s] -- Found rosidl_generator_cpp: 3.1.6 (/opt/ros/humble/share/rosidl_generator_cpp/cmake)
[4.626s] -- Using all available rosidl_typesupport_c: rosidl_typesupport_fastrtps_c;rosidl_typesupport_introspection_c
[4.672s] -- Using all available rosidl_typesupport_cpp: rosidl_typesupport_fastrtps_cpp;rosidl_typesupport_introspection_cpp
[4.800s] -- Found rmw_implementation_cmake: 6.1.2 (/opt/ros/humble/share/rmw_implementation_cmake/cmake)
[4.813s] -- Found rmw_fastrtps_cpp: 6.2.7 (/opt/ros/humble/share/rmw_fastrtps_cpp/cmake)
[5.622s] -- Found OpenSSL: /usr/lib/x86_64-linux-gnu/libcrypto.so (found version "3.0.2")  
[5.673s] -- Found FastRTPS: /opt/ros/humble/include  
[5.756s] -- Using RMW implementation 'rmw_fastrtps_cpp' as default
[5.791s] -- Looking for pthread.h
[5.878s] -- Looking for pthread.h - found
[5.878s] -- Performing Test CMAKE_HAVE_LIBC_PTHREAD
[5.968s] -- Performing Test CMAKE_HAVE_LIBC_PTHREAD - Success
[5.970s] -- Found Threads: TRUE  
[6.053s] -- Found sensor_msgs: 4.2.3 (/home/simulations/ros2_sims_ws/install/sensor_msgs/share/sensor_msgs/cmake)
[6.100s] -- Found ament_lint_auto: 0.12.12 (/opt/ros/humble/share/ament_lint_auto/cmake)
[6.262s] -- Added test 'cppcheck' to perform static code analysis on C / C++ code
[6.262s] -- Configured cppcheck include dirs: /home/user/ros2_ws/src/citylab_project/robot_patrol/include
[6.262s] -- Configured cppcheck exclude dirs and/or files: 
[6.265s] -- Added test 'flake8' to check Python code syntax and style conventions
[6.268s] -- Added test 'lint_cmake' to check CMake code style
[6.270s] -- Added test 'pep257' to check Python code against some of the docstring style conventions in PEP 257
[6.276s] -- Added test 'uncrustify' to check C / C++ code style
[6.276s] -- Configured uncrustify additional arguments: 
[6.278s] -- Added test 'xmllint' to check XML markup files
[6.281s] -- Configuring done
[6.294s] -- Generating done
[6.300s] -- Build files have been written to: /home/user/ros2_ws/src/citylab_project/robot_patrol/build/robot_patrol
[6.310s] Invoked command in '/home/user/ros2_ws/src/citylab_project/robot_patrol/build/robot_patrol' returned '0': CMAKE_PREFIX_PATH=${CMAKE_PREFIX_PATH}:/home/simulations/ros2_sims_ws/install/rclrs_tests:/home/simulations/ros2_sims_ws/install/examples_rclrs_minimal_client_service:/home/simulations/ros2_sims_ws/install/sensor_msgs_py:/home/simulations/ros2_sims_ws/install/examples_rclrs_minimal_pub_sub:/home/simulations/ros2_sims_ws/install/examples_rclrs_message_demo:/home/simulations/ros2_sims_ws/install/rclrs:/home/simulations/ros2_sims_ws/install/rosidl_runtime_rs:/opt/ros/humble:/home/simulations/ros2_sims_ws/install/robot_description _=/usr/bin/env /usr/bin/cmake /home/user/ros2_ws/src/citylab_project/robot_patrol -DCMAKE_INSTALL_PREFIX=/home/user/ros2_ws/src/citylab_project/robot_patrol/install/robot_patrol
[6.312s] Invoking command in '/home/user/ros2_ws/src/citylab_project/robot_patrol/build/robot_patrol': CMAKE_PREFIX_PATH=${CMAKE_PREFIX_PATH}:/home/simulations/ros2_sims_ws/install/rclrs_tests:/home/simulations/ros2_sims_ws/install/examples_rclrs_minimal_client_service:/home/simulations/ros2_sims_ws/install/sensor_msgs_py:/home/simulations/ros2_sims_ws/install/examples_rclrs_minimal_pub_sub:/home/simulations/ros2_sims_ws/install/examples_rclrs_message_demo:/home/simulations/ros2_sims_ws/install/rclrs:/home/simulations/ros2_sims_ws/install/rosidl_runtime_rs:/opt/ros/humble:/home/simulations/ros2_sims_ws/install/robot_description _=/usr/bin/env /usr/bin/cmake --build /home/user/ros2_ws/src/citylab_project/robot_patrol/build/robot_patrol -- -j8 -l8
[6.383s] [ 66%] [32mBuilding CXX object CMakeFiles/robot_patrol.dir/src/patrol.cpp.o[0m
[6.383s] [ 66%] [32mBuilding CXX object CMakeFiles/robot_patrol.dir/src/patrol_main.cpp.o[0m
[8.957s] [01m[K/home/user/ros2_ws/src/citylab_project/robot_patrol/src/patrol.cpp:[m[K In member function '[01m[Kvoid Patrol::scan_callback(sensor_msgs::msg::LaserScan_<std::allocator<void> >::ConstSharedPtr)[m[K':
[8.957s] [01m[K/home/user/ros2_ws/src/citylab_project/robot_patrol/src/patrol.cpp:59:45:[m[K [01;35m[Kwarning: [m[Kcomparison of integer expressions of different signedness: '[01m[Kint[m[K' and '[01m[Kstd::vector<float>::size_type[m[K' {aka '[01m[Klong unsigned int[m[K'} [[01;35m[K]8;;https://gcc.gnu.org/onlinedocs/gcc/Warning-Options.html#index-Wsign-compare-Wsign-compare]8;;[m[K]
[8.957s]    59 |     for (int i = msg->ranges.size()-side; [01;35m[Ki <= msg->ranges.size()[m[K; i++){
[8.957s]       |                                           [01;35m[K~~^~~~~~~~~~~~~~~~~~~~~[m[K
[15.330s] [100%] [32m[1mLinking CXX executable robot_patrol[0m
[15.661s] [100%] Built target robot_patrol
[15.674s] Invoked command in '/home/user/ros2_ws/src/citylab_project/robot_patrol/build/robot_patrol' returned '0': CMAKE_PREFIX_PATH=${CMAKE_PREFIX_PATH}:/home/simulations/ros2_sims_ws/install/rclrs_tests:/home/simulations/ros2_sims_ws/install/examples_rclrs_minimal_client_service:/home/simulations/ros2_sims_ws/install/sensor_msgs_py:/home/simulations/ros2_sims_ws/install/examples_rclrs_minimal_pub_sub:/home/simulations/ros2_sims_ws/install/examples_rclrs_message_demo:/home/simulations/ros2_sims_ws/install/rclrs:/home/simulations/ros2_sims_ws/install/rosidl_runtime_rs:/opt/ros/humble:/home/simulations/ros2_sims_ws/install/robot_description _=/usr/bin/env /usr/bin/cmake --build /home/user/ros2_ws/src/citylab_project/robot_patrol/build/robot_patrol -- -j8 -l8
[15.686s] Invoking command in '/home/user/ros2_ws/src/citylab_project/robot_patrol/build/robot_patrol': CMAKE_PREFIX_PATH=${CMAKE_PREFIX_PATH}:/home/simulations/ros2_sims_ws/install/rclrs_tests:/home/simulations/ros2_sims_ws/install/examples_rclrs_minimal_client_service:/home/simulations/ros2_sims_ws/install/sensor_msgs_py:/home/simulations/ros2_sims_ws/install/examples_rclrs_minimal_pub_sub:/home/simulations/ros2_sims_ws/install/examples_rclrs_message_demo:/home/simulations/ros2_sims_ws/install/rclrs:/home/simulations/ros2_sims_ws/install/rosidl_runtime_rs:/opt/ros/humble:/home/simulations/ros2_sims_ws/install/robot_description _=/usr/bin/env /usr/bin/cmake --install /home/user/ros2_ws/src/citylab_project/robot_patrol/build/robot_patrol
[15.695s] -- Install configuration: ""
[15.695s] -- Installing: /home/user/ros2_ws/src/citylab_project/robot_patrol/install/robot_patrol/lib/robot_patrol/robot_patrol
[15.700s] -- Set runtime path of "/home/user/ros2_ws/src/citylab_project/robot_patrol/install/robot_patrol/lib/robot_patrol/robot_patrol" to ""
[15.701s] -- Installing: /home/user/ros2_ws/src/citylab_project/robot_patrol/install/robot_patrol/share/robot_patrol//launch
[15.701s] -- Installing: /home/user/ros2_ws/src/citylab_project/robot_patrol/install/robot_patrol/share/robot_patrol//launch/start_patrolling.launch.py
[15.701s] -- Installing: /home/user/ros2_ws/src/citylab_project/robot_patrol/install/robot_patrol/share/ament_index/resource_index/package_run_dependencies/robot_patrol
[15.701s] -- Installing: /home/user/ros2_ws/src/citylab_project/robot_patrol/install/robot_patrol/share/ament_index/resource_index/parent_prefix_path/robot_patrol
[15.701s] -- Installing: /home/user/ros2_ws/src/citylab_project/robot_patrol/install/robot_patrol/share/robot_patrol/environment/ament_prefix_path.sh
[15.701s] -- Installing: /home/user/ros2_ws/src/citylab_project/robot_patrol/install/robot_patrol/share/robot_patrol/environment/ament_prefix_path.dsv
[15.701s] -- Installing: /home/user/ros2_ws/src/citylab_project/robot_patrol/install/robot_patrol/share/robot_patrol/environment/path.sh
[15.702s] -- Installing: /home/user/ros2_ws/src/citylab_project/robot_patrol/install/robot_patrol/share/robot_patrol/environment/path.dsv
[15.702s] -- Installing: /home/user/ros2_ws/src/citylab_project/robot_patrol/install/robot_patrol/share/robot_patrol/local_setup.bash
[15.702s] -- Installing: /home/user/ros2_ws/src/citylab_project/robot_patrol/install/robot_patrol/share/robot_patrol/local_setup.sh
[15.702s] -- Installing: /home/user/ros2_ws/src/citylab_project/robot_patrol/install/robot_patrol/share/robot_patrol/local_setup.zsh
[15.702s] -- Installing: /home/user/ros2_ws/src/citylab_project/robot_patrol/install/robot_patrol/share/robot_patrol/local_setup.dsv
[15.702s] -- Installing: /home/user/ros2_ws/src/citylab_project/robot_patrol/install/robot_patrol/share/robot_patrol/package.dsv
[15.702s] -- Installing: /home/user/ros2_ws/src/citylab_project/robot_patrol/install/robot_patrol/share/ament_index/resource_index/packages/robot_patrol
[15.703s] -- Installing: /home/user/ros2_ws/src/citylab_project/robot_patrol/install/robot_patrol/share/robot_patrol/cmake/robot_patrolConfig.cmake
[15.703s] -- Installing: /home/user/ros2_ws/src/citylab_project/robot_patrol/install/robot_patrol/share/robot_patrol/cmake/robot_patrolConfig-version.cmake
[15.703s] -- Installing: /home/user/ros2_ws/src/citylab_project/robot_patrol/install/robot_patrol/share/robot_patrol/package.xml
[15.705s] Invoked command in '/home/user/ros2_ws/src/citylab_project/robot_patrol/build/robot_patrol' returned '0': CMAKE_PREFIX_PATH=${CMAKE_PREFIX_PATH}:/home/simulations/ros2_sims_ws/install/rclrs_tests:/home/simulations/ros2_sims_ws/install/examples_rclrs_minimal_client_service:/home/simulations/ros2_sims_ws/install/sensor_msgs_py:/home/simulations/ros2_sims_ws/install/examples_rclrs_minimal_pub_sub:/home/simulations/ros2_sims_ws/install/examples_rclrs_message_demo:/home/simulations/ros2_sims_ws/install/rclrs:/home/simulations/ros2_sims_ws/install/rosidl_runtime_rs:/opt/ros/humble:/home/simulations/ros2_sims_ws/install/robot_description _=/usr/bin/env /usr/bin/cmake --install /home/user/ros2_ws/src/citylab_project/robot_patrol/build/robot_patrol
