[0.018s] Invoking command in '/home/user/ros2_ws/src/citylab_project/robot_patrol/build/robot_patrol': CMAKE_PREFIX_PATH=${CMAKE_PREFIX_PATH}:/home/simulations/ros2_sims_ws/install/rclrs_tests:/home/simulations/ros2_sims_ws/install/examples_rclrs_minimal_client_service:/home/simulations/ros2_sims_ws/install/sensor_msgs_py:/home/simulations/ros2_sims_ws/install/examples_rclrs_minimal_pub_sub:/home/simulations/ros2_sims_ws/install/examples_rclrs_message_demo:/home/simulations/ros2_sims_ws/install/rclrs:/home/simulations/ros2_sims_ws/install/rosidl_runtime_rs:/opt/ros/humble:/home/simulations/ros2_sims_ws/install/robot_description _=/usr/bin/env /usr/bin/cmake /home/user/ros2_ws/src/citylab_project/robot_patrol -DCMAKE_INSTALL_PREFIX=/home/user/ros2_ws/src/citylab_project/robot_patrol/install/robot_patrol
[4.040s] -- The C compiler identification is GNU 11.4.0
[4.152s] -- The CXX compiler identification is GNU 11.4.0
[4.167s] -- Detecting C compiler ABI info
[4.339s] -- Detecting C compiler ABI info - done
[4.347s] -- Check for working C compiler: /usr/bin/cc - skipped
[4.348s] -- Detecting C compile features
[4.441s] -- Detecting C compile features - done
[4.446s] -- Detecting CXX compiler ABI info
[4.611s] -- Detecting CXX compiler ABI info - done
[4.619s] -- Check for working CXX compiler: /usr/bin/c++ - skipped
[4.619s] -- Detecting CXX compile features
[4.620s] -- Detecting CXX compile features - done
[4.638s] -- Found ament_cmake: 1.3.11 (/opt/ros/humble/share/ament_cmake/cmake)
[5.631s] -- Found Python3: /usr/bin/python3 (found version "3.10.12") found components: Interpreter 
[6.335s] -- Found rclcpp: 16.0.12 (/opt/ros/humble/share/rclcpp/cmake)
[6.720s] -- Found rosidl_generator_c: 3.1.6 (/opt/ros/humble/share/rosidl_generator_c/cmake)
[6.744s] -- Found rosidl_adapter: 3.1.6 (/opt/ros/humble/share/rosidl_adapter/cmake)
[6.776s] -- Found rosidl_generator_cpp: 3.1.6 (/opt/ros/humble/share/rosidl_generator_cpp/cmake)
[6.818s] -- Using all available rosidl_typesupport_c: rosidl_typesupport_fastrtps_c;rosidl_typesupport_introspection_c
[6.873s] -- Using all available rosidl_typesupport_cpp: rosidl_typesupport_fastrtps_cpp;rosidl_typesupport_introspection_cpp
[7.545s] -- Found rmw_implementation_cmake: 6.1.2 (/opt/ros/humble/share/rmw_implementation_cmake/cmake)
[7.564s] -- Found rmw_fastrtps_cpp: 6.2.7 (/opt/ros/humble/share/rmw_fastrtps_cpp/cmake)
[8.431s] -- Found OpenSSL: /usr/lib/x86_64-linux-gnu/libcrypto.so (found version "3.0.2")  
[8.482s] -- Found FastRTPS: /opt/ros/humble/include  
[8.558s] -- Using RMW implementation 'rmw_fastrtps_cpp' as default
[8.599s] -- Looking for pthread.h
[8.685s] -- Looking for pthread.h - found
[8.686s] -- Performing Test CMAKE_HAVE_LIBC_PTHREAD
[8.766s] -- Performing Test CMAKE_HAVE_LIBC_PTHREAD - Success
[8.767s] -- Found Threads: TRUE  
[9.456s] -- Found sensor_msgs: 4.2.3 (/home/simulations/ros2_sims_ws/install/sensor_msgs/share/sensor_msgs/cmake)
[9.520s] -- Found ament_lint_auto: 0.12.12 (/opt/ros/humble/share/ament_lint_auto/cmake)
[9.689s] -- Added test 'cppcheck' to perform static code analysis on C / C++ code
[9.689s] -- Configured cppcheck include dirs: /home/user/ros2_ws/src/citylab_project/robot_patrol/include
[9.689s] -- Configured cppcheck exclude dirs and/or files: 
[9.691s] -- Added test 'flake8' to check Python code syntax and style conventions
[9.694s] -- Added test 'lint_cmake' to check CMake code style
[9.696s] -- Added test 'pep257' to check Python code against some of the docstring style conventions in PEP 257
[9.703s] -- Added test 'uncrustify' to check C / C++ code style
[9.703s] -- Configured uncrustify additional arguments: 
[9.705s] -- Added test 'xmllint' to check XML markup files
[9.709s] -- Configuring done
[9.722s] -- Generating done
[9.726s] -- Build files have been written to: /home/user/ros2_ws/src/citylab_project/robot_patrol/build/robot_patrol
[9.736s] Invoked command in '/home/user/ros2_ws/src/citylab_project/robot_patrol/build/robot_patrol' returned '0': CMAKE_PREFIX_PATH=${CMAKE_PREFIX_PATH}:/home/simulations/ros2_sims_ws/install/rclrs_tests:/home/simulations/ros2_sims_ws/install/examples_rclrs_minimal_client_service:/home/simulations/ros2_sims_ws/install/sensor_msgs_py:/home/simulations/ros2_sims_ws/install/examples_rclrs_minimal_pub_sub:/home/simulations/ros2_sims_ws/install/examples_rclrs_message_demo:/home/simulations/ros2_sims_ws/install/rclrs:/home/simulations/ros2_sims_ws/install/rosidl_runtime_rs:/opt/ros/humble:/home/simulations/ros2_sims_ws/install/robot_description _=/usr/bin/env /usr/bin/cmake /home/user/ros2_ws/src/citylab_project/robot_patrol -DCMAKE_INSTALL_PREFIX=/home/user/ros2_ws/src/citylab_project/robot_patrol/install/robot_patrol
[9.738s] Invoking command in '/home/user/ros2_ws/src/citylab_project/robot_patrol/build/robot_patrol': CMAKE_PREFIX_PATH=${CMAKE_PREFIX_PATH}:/home/simulations/ros2_sims_ws/install/rclrs_tests:/home/simulations/ros2_sims_ws/install/examples_rclrs_minimal_client_service:/home/simulations/ros2_sims_ws/install/sensor_msgs_py:/home/simulations/ros2_sims_ws/install/examples_rclrs_minimal_pub_sub:/home/simulations/ros2_sims_ws/install/examples_rclrs_message_demo:/home/simulations/ros2_sims_ws/install/rclrs:/home/simulations/ros2_sims_ws/install/rosidl_runtime_rs:/opt/ros/humble:/home/simulations/ros2_sims_ws/install/robot_description _=/usr/bin/env /usr/bin/cmake --build /home/user/ros2_ws/src/citylab_project/robot_patrol/build/robot_patrol -- -j8 -l8
[9.803s] [ 33%] [32mBuilding CXX object CMakeFiles/robot_patrol.dir/src/patrol.cpp.o[0m
[9.803s] [ 66%] [32mBuilding CXX object CMakeFiles/robot_patrol.dir/src/patrol_main.cpp.o[0m
[18.315s] [100%] [32m[1mLinking CXX executable robot_patrol[0m
[18.632s] [100%] Built target robot_patrol
[18.646s] Invoked command in '/home/user/ros2_ws/src/citylab_project/robot_patrol/build/robot_patrol' returned '0': CMAKE_PREFIX_PATH=${CMAKE_PREFIX_PATH}:/home/simulations/ros2_sims_ws/install/rclrs_tests:/home/simulations/ros2_sims_ws/install/examples_rclrs_minimal_client_service:/home/simulations/ros2_sims_ws/install/sensor_msgs_py:/home/simulations/ros2_sims_ws/install/examples_rclrs_minimal_pub_sub:/home/simulations/ros2_sims_ws/install/examples_rclrs_message_demo:/home/simulations/ros2_sims_ws/install/rclrs:/home/simulations/ros2_sims_ws/install/rosidl_runtime_rs:/opt/ros/humble:/home/simulations/ros2_sims_ws/install/robot_description _=/usr/bin/env /usr/bin/cmake --build /home/user/ros2_ws/src/citylab_project/robot_patrol/build/robot_patrol -- -j8 -l8
[18.657s] Invoking command in '/home/user/ros2_ws/src/citylab_project/robot_patrol/build/robot_patrol': CMAKE_PREFIX_PATH=${CMAKE_PREFIX_PATH}:/home/simulations/ros2_sims_ws/install/rclrs_tests:/home/simulations/ros2_sims_ws/install/examples_rclrs_minimal_client_service:/home/simulations/ros2_sims_ws/install/sensor_msgs_py:/home/simulations/ros2_sims_ws/install/examples_rclrs_minimal_pub_sub:/home/simulations/ros2_sims_ws/install/examples_rclrs_message_demo:/home/simulations/ros2_sims_ws/install/rclrs:/home/simulations/ros2_sims_ws/install/rosidl_runtime_rs:/opt/ros/humble:/home/simulations/ros2_sims_ws/install/robot_description _=/usr/bin/env /usr/bin/cmake --install /home/user/ros2_ws/src/citylab_project/robot_patrol/build/robot_patrol
[18.666s] -- Install configuration: ""
[18.666s] -- Installing: /home/user/ros2_ws/src/citylab_project/robot_patrol/install/robot_patrol/lib/robot_patrol/robot_patrol
[18.671s] -- Set runtime path of "/home/user/ros2_ws/src/citylab_project/robot_patrol/install/robot_patrol/lib/robot_patrol/robot_patrol" to ""
[18.671s] -- Installing: /home/user/ros2_ws/src/citylab_project/robot_patrol/install/robot_patrol/share/robot_patrol//launch
[18.671s] -- Installing: /home/user/ros2_ws/src/citylab_project/robot_patrol/install/robot_patrol/share/robot_patrol//launch/start_patrolling.launch.py
[18.671s] -- Installing: /home/user/ros2_ws/src/citylab_project/robot_patrol/install/robot_patrol/share/robot_patrol//config
[18.671s] -- Installing: /home/user/ros2_ws/src/citylab_project/robot_patrol/install/robot_patrol/share/robot_patrol//config/robot_patrol.rviz
[18.672s] -- Installing: /home/user/ros2_ws/src/citylab_project/robot_patrol/install/robot_patrol/share/ament_index/resource_index/package_run_dependencies/robot_patrol
[18.672s] -- Installing: /home/user/ros2_ws/src/citylab_project/robot_patrol/install/robot_patrol/share/ament_index/resource_index/parent_prefix_path/robot_patrol
[18.672s] -- Installing: /home/user/ros2_ws/src/citylab_project/robot_patrol/install/robot_patrol/share/robot_patrol/environment/ament_prefix_path.sh
[18.672s] -- Installing: /home/user/ros2_ws/src/citylab_project/robot_patrol/install/robot_patrol/share/robot_patrol/environment/ament_prefix_path.dsv
[18.672s] -- Installing: /home/user/ros2_ws/src/citylab_project/robot_patrol/install/robot_patrol/share/robot_patrol/environment/path.sh
[18.672s] -- Installing: /home/user/ros2_ws/src/citylab_project/robot_patrol/install/robot_patrol/share/robot_patrol/environment/path.dsv
[18.673s] -- Installing: /home/user/ros2_ws/src/citylab_project/robot_patrol/install/robot_patrol/share/robot_patrol/local_setup.bash
[18.673s] -- Installing: /home/user/ros2_ws/src/citylab_project/robot_patrol/install/robot_patrol/share/robot_patrol/local_setup.sh
[18.673s] -- Installing: /home/user/ros2_ws/src/citylab_project/robot_patrol/install/robot_patrol/share/robot_patrol/local_setup.zsh
[18.673s] -- Installing: /home/user/ros2_ws/src/citylab_project/robot_patrol/install/robot_patrol/share/robot_patrol/local_setup.dsv
[18.674s] -- Installing: /home/user/ros2_ws/src/citylab_project/robot_patrol/install/robot_patrol/share/robot_patrol/package.dsv
[18.674s] -- Installing: /home/user/ros2_ws/src/citylab_project/robot_patrol/install/robot_patrol/share/ament_index/resource_index/packages/robot_patrol
[18.674s] -- Installing: /home/user/ros2_ws/src/citylab_project/robot_patrol/install/robot_patrol/share/robot_patrol/cmake/robot_patrolConfig.cmake
[18.674s] -- Installing: /home/user/ros2_ws/src/citylab_project/robot_patrol/install/robot_patrol/share/robot_patrol/cmake/robot_patrolConfig-version.cmake
[18.674s] -- Installing: /home/user/ros2_ws/src/citylab_project/robot_patrol/install/robot_patrol/share/robot_patrol/package.xml
[18.676s] Invoked command in '/home/user/ros2_ws/src/citylab_project/robot_patrol/build/robot_patrol' returned '0': CMAKE_PREFIX_PATH=${CMAKE_PREFIX_PATH}:/home/simulations/ros2_sims_ws/install/rclrs_tests:/home/simulations/ros2_sims_ws/install/examples_rclrs_minimal_client_service:/home/simulations/ros2_sims_ws/install/sensor_msgs_py:/home/simulations/ros2_sims_ws/install/examples_rclrs_minimal_pub_sub:/home/simulations/ros2_sims_ws/install/examples_rclrs_message_demo:/home/simulations/ros2_sims_ws/install/rclrs:/home/simulations/ros2_sims_ws/install/rosidl_runtime_rs:/opt/ros/humble:/home/simulations/ros2_sims_ws/install/robot_description _=/usr/bin/env /usr/bin/cmake --install /home/user/ros2_ws/src/citylab_project/robot_patrol/build/robot_patrol
