[0.126s] Invoking command in '/home/user/ros2_ws/src/citylab_project/robot_patrol/build/robot_patrol': CMAKE_PREFIX_PATH=${CMAKE_PREFIX_PATH}:/home/simulations/ros2_sims_ws/install/rclrs_tests:/home/simulations/ros2_sims_ws/install/examples_rclrs_minimal_client_service:/home/simulations/ros2_sims_ws/install/sensor_msgs_py:/home/simulations/ros2_sims_ws/install/examples_rclrs_minimal_pub_sub:/home/simulations/ros2_sims_ws/install/examples_rclrs_message_demo:/home/simulations/ros2_sims_ws/install/rclrs:/home/simulations/ros2_sims_ws/install/rosidl_runtime_rs:/opt/ros/humble:/home/simulations/ros2_sims_ws/install/robot_description _=/usr/bin/env /usr/bin/cmake /home/user/ros2_ws/src/citylab_project/robot_patrol -DCMAKE_INSTALL_PREFIX=/home/user/ros2_ws/src/citylab_project/robot_patrol/install/robot_patrol
[10.956s] -- The C compiler identification is GNU 11.4.0
[14.771s] -- The CXX compiler identification is GNU 11.4.0
[14.787s] -- Detecting C compiler ABI info
[15.184s] -- Detecting C compiler ABI info - done
[15.191s] -- Check for working C compiler: /usr/bin/cc - skipped
[15.192s] -- Detecting C compile features
[15.265s] -- Detecting C compile features - done
[15.270s] -- Detecting CXX compiler ABI info
[15.542s] -- Detecting CXX compiler ABI info - done
[15.549s] -- Check for working CXX compiler: /usr/bin/c++ - skipped
[15.549s] -- Detecting CXX compile features
[15.550s] -- Detecting CXX compile features - done
[15.573s] -- Found ament_cmake: 1.3.11 (/opt/ros/humble/share/ament_cmake/cmake)
[16.756s] -- Found Python3: /usr/bin/python3 (found version "3.10.12") found components: Interpreter 
[17.545s] -- Found rclcpp: 16.0.12 (/opt/ros/humble/share/rclcpp/cmake)
[18.305s] -- Found rosidl_generator_c: 3.1.6 (/opt/ros/humble/share/rosidl_generator_c/cmake)
[18.329s] -- Found rosidl_adapter: 3.1.6 (/opt/ros/humble/share/rosidl_adapter/cmake)
[18.364s] -- Found rosidl_generator_cpp: 3.1.6 (/opt/ros/humble/share/rosidl_generator_cpp/cmake)
[18.573s] -- Using all available rosidl_typesupport_c: rosidl_typesupport_fastrtps_c;rosidl_typesupport_introspection_c
[18.629s] -- Using all available rosidl_typesupport_cpp: rosidl_typesupport_fastrtps_cpp;rosidl_typesupport_introspection_cpp
[19.309s] -- Found rmw_implementation_cmake: 6.1.2 (/opt/ros/humble/share/rmw_implementation_cmake/cmake)
[19.325s] -- Found rmw_fastrtps_cpp: 6.2.7 (/opt/ros/humble/share/rmw_fastrtps_cpp/cmake)
[21.187s] -- Found OpenSSL: /usr/lib/x86_64-linux-gnu/libcrypto.so (found version "3.0.2")  
[21.238s] -- Found FastRTPS: /opt/ros/humble/include  
[21.315s] -- Using RMW implementation 'rmw_fastrtps_cpp' as default
[21.355s] -- Looking for pthread.h
[22.714s] -- Looking for pthread.h - found
[22.714s] -- Performing Test CMAKE_HAVE_LIBC_PTHREAD
[22.794s] -- Performing Test CMAKE_HAVE_LIBC_PTHREAD - Success
[22.795s] -- Found Threads: TRUE  
[23.663s] -- Found sensor_msgs: 4.2.3 (/home/simulations/ros2_sims_ws/install/sensor_msgs/share/sensor_msgs/cmake)
[23.728s] -- Found ament_lint_auto: 0.12.12 (/opt/ros/humble/share/ament_lint_auto/cmake)
[23.897s] -- Added test 'cppcheck' to perform static code analysis on C / C++ code
[23.897s] -- Configured cppcheck include dirs: 
[23.897s] -- Configured cppcheck exclude dirs and/or files: 
[23.901s] -- Added test 'lint_cmake' to check CMake code style
[23.909s] -- Added test 'uncrustify' to check C / C++ code style
[23.909s] -- Configured uncrustify additional arguments: 
[23.911s] -- Added test 'xmllint' to check XML markup files
[23.916s] -- Configuring done
[24.146s] -- Generating done
[24.151s] -- Build files have been written to: /home/user/ros2_ws/src/citylab_project/robot_patrol/build/robot_patrol
[24.161s] Invoked command in '/home/user/ros2_ws/src/citylab_project/robot_patrol/build/robot_patrol' returned '0': CMAKE_PREFIX_PATH=${CMAKE_PREFIX_PATH}:/home/simulations/ros2_sims_ws/install/rclrs_tests:/home/simulations/ros2_sims_ws/install/examples_rclrs_minimal_client_service:/home/simulations/ros2_sims_ws/install/sensor_msgs_py:/home/simulations/ros2_sims_ws/install/examples_rclrs_minimal_pub_sub:/home/simulations/ros2_sims_ws/install/examples_rclrs_message_demo:/home/simulations/ros2_sims_ws/install/rclrs:/home/simulations/ros2_sims_ws/install/rosidl_runtime_rs:/opt/ros/humble:/home/simulations/ros2_sims_ws/install/robot_description _=/usr/bin/env /usr/bin/cmake /home/user/ros2_ws/src/citylab_project/robot_patrol -DCMAKE_INSTALL_PREFIX=/home/user/ros2_ws/src/citylab_project/robot_patrol/install/robot_patrol
[24.162s] Invoking command in '/home/user/ros2_ws/src/citylab_project/robot_patrol/build/robot_patrol': CMAKE_PREFIX_PATH=${CMAKE_PREFIX_PATH}:/home/simulations/ros2_sims_ws/install/rclrs_tests:/home/simulations/ros2_sims_ws/install/examples_rclrs_minimal_client_service:/home/simulations/ros2_sims_ws/install/sensor_msgs_py:/home/simulations/ros2_sims_ws/install/examples_rclrs_minimal_pub_sub:/home/simulations/ros2_sims_ws/install/examples_rclrs_message_demo:/home/simulations/ros2_sims_ws/install/rclrs:/home/simulations/ros2_sims_ws/install/rosidl_runtime_rs:/opt/ros/humble:/home/simulations/ros2_sims_ws/install/robot_description _=/usr/bin/env /usr/bin/cmake --build /home/user/ros2_ws/src/citylab_project/robot_patrol/build/robot_patrol -- -j8 -l8
[24.224s] [ 33%] [32mBuilding CXX object CMakeFiles/robot_patrol.dir/src/patrol_main.cpp.o[0m
[24.225s] [ 66%] [32mBuilding CXX object CMakeFiles/robot_patrol.dir/src/patrol.cpp.o[0m
[25.061s] [01m[K/home/user/ros2_ws/src/citylab_project/robot_patrol/src/patrol_main.cpp:1:10:[m[K [01;31m[Kfatal error: [m[Krobot_patrol/patrol.h: No such file or directory
[25.061s]     1 | #include [01;31m[K"robot_patrol/patrol.h"[m[K
[25.061s]       |          [01;31m[K^~~~~~~~~~~~~~~~~~~~~~~[m[K
[25.061s] [01m[K/home/user/ros2_ws/src/citylab_project/robot_patrol/src/patrol.cpp:1:10:[m[K [01;31m[Kfatal error: [m[Krobot_patrol/patrol.h: No such file or directory
[25.061s]     1 | #include [01;31m[K"robot_patrol/patrol.h"[m[K
[25.061s]       |          [01;31m[K^~~~~~~~~~~~~~~~~~~~~~~[m[K
[25.061s] compilation terminated.
[25.061s] compilation terminated.
[25.062s] gmake[2]: *** [CMakeFiles/robot_patrol.dir/build.make:76: CMakeFiles/robot_patrol.dir/src/patrol_main.cpp.o] Error 1
[25.062s] gmake[2]: *** Waiting for unfinished jobs....
[25.063s] gmake[2]: *** [CMakeFiles/robot_patrol.dir/build.make:90: CMakeFiles/robot_patrol.dir/src/patrol.cpp.o] Error 1
[25.063s] gmake[1]: *** [CMakeFiles/Makefile2:137: CMakeFiles/robot_patrol.dir/all] Error 2
[25.064s] gmake: *** [Makefile:146: all] Error 2
[25.065s] Invoked command in '/home/user/ros2_ws/src/citylab_project/robot_patrol/build/robot_patrol' returned '2': CMAKE_PREFIX_PATH=${CMAKE_PREFIX_PATH}:/home/simulations/ros2_sims_ws/install/rclrs_tests:/home/simulations/ros2_sims_ws/install/examples_rclrs_minimal_client_service:/home/simulations/ros2_sims_ws/install/sensor_msgs_py:/home/simulations/ros2_sims_ws/install/examples_rclrs_minimal_pub_sub:/home/simulations/ros2_sims_ws/install/examples_rclrs_message_demo:/home/simulations/ros2_sims_ws/install/rclrs:/home/simulations/ros2_sims_ws/install/rosidl_runtime_rs:/opt/ros/humble:/home/simulations/ros2_sims_ws/install/robot_description _=/usr/bin/env /usr/bin/cmake --build /home/user/ros2_ws/src/citylab_project/robot_patrol/build/robot_patrol -- -j8 -l8
