[0.019s] Invoking command in '/home/user/ros2_ws/src/citylab_project/robot_patrol/build/robot_patrol': CMAKE_PREFIX_PATH=${CMAKE_PREFIX_PATH}:/home/simulations/ros2_sims_ws/install/rclrs_tests:/home/simulations/ros2_sims_ws/install/examples_rclrs_minimal_client_service:/home/simulations/ros2_sims_ws/install/sensor_msgs_py:/home/simulations/ros2_sims_ws/install/examples_rclrs_minimal_pub_sub:/home/simulations/ros2_sims_ws/install/examples_rclrs_message_demo:/home/simulations/ros2_sims_ws/install/rclrs:/home/simulations/ros2_sims_ws/install/rosidl_runtime_rs:/opt/ros/humble:/home/simulations/ros2_sims_ws/install/robot_description _=/usr/bin/env /usr/bin/cmake --build /home/user/ros2_ws/src/citylab_project/robot_patrol/build/robot_patrol -- -j8 -l8
[0.072s] [35m[1mConsolidate compiler generated dependencies of target robot_patrol[0m
[0.099s] [ 33%] [32mBuilding CXX object CMakeFiles/robot_patrol.dir/src/patrol_main.cpp.o[0m
[0.100s] [ 66%] [32mBuilding CXX object CMakeFiles/robot_patrol.dir/src/patrol.cpp.o[0m
[2.495s] [01m[K/home/user/ros2_ws/src/citylab_project/robot_patrol/src/patrol.cpp:[m[K In constructor '[01m[KPatrol::Patrol()[m[K':
[2.495s] [01m[K/home/user/ros2_ws/src/citylab_project/robot_patrol/src/patrol.cpp:18:20:[m[K [01;31m[Kerror: [m[K'[01m[Kclass Patrol[m[K' has no member named '[01m[Kcreate_timer[m[K'; did you mean '[01m[Kcreate_wall_timer[m[K'?
[2.496s]    18 |     timer_ = this->[01;31m[Kcreate_timer[m[K(timer_period, std::bind(&Patrol::timer_callback, this));
[2.496s]       |                    [01;31m[K^~~~~~~~~~~~[m[K
[2.496s]       |                    [32m[Kcreate_wall_timer[m[K
[2.507s] [01m[K/home/user/ros2_ws/src/citylab_project/robot_patrol/src/patrol.cpp:[m[K In member function '[01m[Kvoid Patrol::scan_callback(sensor_msgs::msg::LaserScan_<std::allocator<void> >::ConstSharedPtr)[m[K':
[2.507s] [01m[K/home/user/ros2_ws/src/citylab_project/robot_patrol/src/patrol.cpp:26:30:[m[K [01;31m[Kerror: [m[K'[01m[Krange_min[m[K' was not declared in this scope
[2.507s]    26 |         if (msg->ranges[i] < [01;31m[Krange_min[m[K || msg->ranges[i] > range_max) continue; // discard invalid scans
[2.507s]       |                              [01;31m[K^~~~~~~~~[m[K
[2.512s] [01m[K/home/user/ros2_ws/src/citylab_project/robot_patrol/src/patrol.cpp:26:60:[m[K [01;31m[Kerror: [m[K'[01m[Krange_max[m[K' was not declared in this scope
[2.512s]    26 |         if (msg->ranges[i] < range_min || msg->ranges[i] > [01;31m[Krange_max[m[K) continue; // discard invalid scans
[2.512s]       |                                                            [01;31m[K^~~~~~~~~[m[K
[4.990s] gmake[2]: *** [CMakeFiles/robot_patrol.dir/build.make:90: CMakeFiles/robot_patrol.dir/src/patrol.cpp.o] Error 1
[4.990s] gmake[1]: *** [CMakeFiles/Makefile2:137: CMakeFiles/robot_patrol.dir/all] Error 2
[4.990s] gmake: *** [Makefile:146: all] Error 2
[4.992s] Invoked command in '/home/user/ros2_ws/src/citylab_project/robot_patrol/build/robot_patrol' returned '2': CMAKE_PREFIX_PATH=${CMAKE_PREFIX_PATH}:/home/simulations/ros2_sims_ws/install/rclrs_tests:/home/simulations/ros2_sims_ws/install/examples_rclrs_minimal_client_service:/home/simulations/ros2_sims_ws/install/sensor_msgs_py:/home/simulations/ros2_sims_ws/install/examples_rclrs_minimal_pub_sub:/home/simulations/ros2_sims_ws/install/examples_rclrs_message_demo:/home/simulations/ros2_sims_ws/install/rclrs:/home/simulations/ros2_sims_ws/install/rosidl_runtime_rs:/opt/ros/humble:/home/simulations/ros2_sims_ws/install/robot_description _=/usr/bin/env /usr/bin/cmake --build /home/user/ros2_ws/src/citylab_project/robot_patrol/build/robot_patrol -- -j8 -l8
