[0.019s] Invoking command in '/home/user/ros2_ws/src/citylab_project/robot_patrol/build/robot_patrol': CMAKE_PREFIX_PATH=${CMAKE_PREFIX_PATH}:/home/simulations/ros2_sims_ws/install/rclrs_tests:/home/simulations/ros2_sims_ws/install/examples_rclrs_minimal_client_service:/home/simulations/ros2_sims_ws/install/sensor_msgs_py:/home/simulations/ros2_sims_ws/install/examples_rclrs_minimal_pub_sub:/home/simulations/ros2_sims_ws/install/examples_rclrs_message_demo:/home/simulations/ros2_sims_ws/install/rclrs:/home/simulations/ros2_sims_ws/install/rosidl_runtime_rs:/opt/ros/humble:/home/simulations/ros2_sims_ws/install/robot_description _=/usr/bin/env /usr/bin/cmake --build /home/user/ros2_ws/src/citylab_project/robot_patrol/build/robot_patrol -- -j8 -l8
[0.071s] [35m[1mConsolidate compiler generated dependencies of target robot_patrol[0m
[0.096s] [ 33%] [32mBuilding CXX object CMakeFiles/robot_patrol.dir/src/patrol.cpp.o[0m
[8.408s] [ 66%] [32m[1mLinking CXX executable robot_patrol[0m
[13.058s] [100%] Built target robot_patrol
[13.070s] Invoked command in '/home/user/ros2_ws/src/citylab_project/robot_patrol/build/robot_patrol' returned '0': CMAKE_PREFIX_PATH=${CMAKE_PREFIX_PATH}:/home/simulations/ros2_sims_ws/install/rclrs_tests:/home/simulations/ros2_sims_ws/install/examples_rclrs_minimal_client_service:/home/simulations/ros2_sims_ws/install/sensor_msgs_py:/home/simulations/ros2_sims_ws/install/examples_rclrs_minimal_pub_sub:/home/simulations/ros2_sims_ws/install/examples_rclrs_message_demo:/home/simulations/ros2_sims_ws/install/rclrs:/home/simulations/ros2_sims_ws/install/rosidl_runtime_rs:/opt/ros/humble:/home/simulations/ros2_sims_ws/install/robot_description _=/usr/bin/env /usr/bin/cmake --build /home/user/ros2_ws/src/citylab_project/robot_patrol/build/robot_patrol -- -j8 -l8
[13.081s] Invoking command in '/home/user/ros2_ws/src/citylab_project/robot_patrol/build/robot_patrol': CMAKE_PREFIX_PATH=${CMAKE_PREFIX_PATH}:/home/simulations/ros2_sims_ws/install/rclrs_tests:/home/simulations/ros2_sims_ws/install/examples_rclrs_minimal_client_service:/home/simulations/ros2_sims_ws/install/sensor_msgs_py:/home/simulations/ros2_sims_ws/install/examples_rclrs_minimal_pub_sub:/home/simulations/ros2_sims_ws/install/examples_rclrs_message_demo:/home/simulations/ros2_sims_ws/install/rclrs:/home/simulations/ros2_sims_ws/install/rosidl_runtime_rs:/opt/ros/humble:/home/simulations/ros2_sims_ws/install/robot_description _=/usr/bin/env /usr/bin/cmake --install /home/user/ros2_ws/src/citylab_project/robot_patrol/build/robot_patrol
[13.090s] -- Install configuration: ""
[13.090s] -- Installing: /home/user/ros2_ws/src/citylab_project/robot_patrol/install/robot_patrol/lib/robot_patrol/robot_patrol
[13.095s] -- Set runtime path of "/home/user/ros2_ws/src/citylab_project/robot_patrol/install/robot_patrol/lib/robot_patrol/robot_patrol" to ""
[13.095s] -- Installing: /home/user/ros2_ws/src/citylab_project/robot_patrol/install/robot_patrol/share/ament_index/resource_index/package_run_dependencies/robot_patrol
[13.095s] -- Installing: /home/user/ros2_ws/src/citylab_project/robot_patrol/install/robot_patrol/share/ament_index/resource_index/parent_prefix_path/robot_patrol
[13.095s] -- Installing: /home/user/ros2_ws/src/citylab_project/robot_patrol/install/robot_patrol/share/robot_patrol/environment/ament_prefix_path.sh
[13.096s] -- Installing: /home/user/ros2_ws/src/citylab_project/robot_patrol/install/robot_patrol/share/robot_patrol/environment/ament_prefix_path.dsv
[13.096s] -- Installing: /home/user/ros2_ws/src/citylab_project/robot_patrol/install/robot_patrol/share/robot_patrol/environment/path.sh
[13.096s] -- Installing: /home/user/ros2_ws/src/citylab_project/robot_patrol/install/robot_patrol/share/robot_patrol/environment/path.dsv
[13.096s] -- Installing: /home/user/ros2_ws/src/citylab_project/robot_patrol/install/robot_patrol/share/robot_patrol/local_setup.bash
[13.096s] -- Installing: /home/user/ros2_ws/src/citylab_project/robot_patrol/install/robot_patrol/share/robot_patrol/local_setup.sh
[13.096s] -- Installing: /home/user/ros2_ws/src/citylab_project/robot_patrol/install/robot_patrol/share/robot_patrol/local_setup.zsh
[13.096s] -- Installing: /home/user/ros2_ws/src/citylab_project/robot_patrol/install/robot_patrol/share/robot_patrol/local_setup.dsv
[13.097s] -- Installing: /home/user/ros2_ws/src/citylab_project/robot_patrol/install/robot_patrol/share/robot_patrol/package.dsv
[13.097s] -- Installing: /home/user/ros2_ws/src/citylab_project/robot_patrol/install/robot_patrol/share/ament_index/resource_index/packages/robot_patrol
[13.097s] -- Installing: /home/user/ros2_ws/src/citylab_project/robot_patrol/install/robot_patrol/share/robot_patrol/cmake/robot_patrolConfig.cmake
[13.097s] -- Installing: /home/user/ros2_ws/src/citylab_project/robot_patrol/install/robot_patrol/share/robot_patrol/cmake/robot_patrolConfig-version.cmake
[13.097s] -- Installing: /home/user/ros2_ws/src/citylab_project/robot_patrol/install/robot_patrol/share/robot_patrol/package.xml
[13.100s] Invoked command in '/home/user/ros2_ws/src/citylab_project/robot_patrol/build/robot_patrol' returned '0': CMAKE_PREFIX_PATH=${CMAKE_PREFIX_PATH}:/home/simulations/ros2_sims_ws/install/rclrs_tests:/home/simulations/ros2_sims_ws/install/examples_rclrs_minimal_client_service:/home/simulations/ros2_sims_ws/install/sensor_msgs_py:/home/simulations/ros2_sims_ws/install/examples_rclrs_minimal_pub_sub:/home/simulations/ros2_sims_ws/install/examples_rclrs_message_demo:/home/simulations/ros2_sims_ws/install/rclrs:/home/simulations/ros2_sims_ws/install/rosidl_runtime_rs:/opt/ros/humble:/home/simulations/ros2_sims_ws/install/robot_description _=/usr/bin/env /usr/bin/cmake --install /home/user/ros2_ws/src/citylab_project/robot_patrol/build/robot_patrol
